-------------------------------------------------------------------------------
Test set: TestSuite
-------------------------------------------------------------------------------
Tests run: 1, Failures: 1, Errors: 0, Skipped: 0, Time elapsed: 1.273 s <<< FAILURE! - in TestSuite
feature(my.initial.project.selenium.jenkins.TestRunner)  Time elapsed: 0.219 s  <<< FAILURE!
cucumber.runtime.CucumberException: java.lang.IllegalStateException: The driver executable does not exist: C:\usr\local\bin\chromedriver
Caused by: java.lang.IllegalStateException: The driver executable does not exist: C:\usr\local\bin\chromedriver

